<?xml version="1.0" encoding="UTF-8"?>
<!-- Generated by org.testng.reporters.JUnitReportReporter -->
<testsuite skipped="0" hostname="DESKTOP-P9MSIUI" name="page.tests.PetStoreTopMenuTest" tests="5" failures="0" timestamp="2019-12-26T15:13:16 CET" time="70.284" errors="0">
  <testcase name="Cats" time="12.943" classname="page.tests.PetStoreTopMenuTest"/>
  <testcase name="Birds" time="16.302" classname="page.tests.PetStoreTopMenuTest"/>
  <testcase name="Dogs" time="13.332" classname="page.tests.PetStoreTopMenuTest"/>
  <testcase name="Fish" time="13.656" classname="page.tests.PetStoreTopMenuTest"/>
  <testcase name="Reptiles" time="14.051" classname="page.tests.PetStoreTopMenuTest"/>
</testsuite> <!-- page.tests.PetStoreTopMenuTest -->
