<?xml version="1.0" encoding="UTF-8"?>
<!-- Generated by org.testng.reporters.JUnitReportReporter -->
<testsuite skipped="0" hostname="DESKTOP-P9MSIUI" name="page.tests.SignInTest" tests="1" failures="0" timestamp="2019-12-26T15:27:18 CET" time="29.707" errors="0">
  <testcase name="SignIn" time="29.707" classname="page.tests.SignInTest"/>
</testsuite> <!-- page.tests.SignInTest -->
