<?xml version="1.0" encoding="UTF-8"?>
<!-- Generated by org.testng.reporters.JUnitReportReporter -->
<testsuite skipped="0" hostname="DESKTOP-P9MSIUI" name="main.MainTest" tests="1" failures="0" timestamp="2019-12-26T21:31:29 CET" time="83.271" errors="0">
  <testcase name="PetStoreTests" time="83.271" classname="main.MainTest"/>
</testsuite> <!-- main.MainTest -->
