<?xml version="1.0" encoding="UTF-8"?>
<!-- Generated by org.testng.reporters.JUnitReportReporter -->
<testsuite skipped="0" hostname="DESKTOP-P9MSIUI" name="page.tests.PetStorePicturesMenuTest" tests="6" failures="0" timestamp="2019-12-25T15:11:44 CET" time="69.580" errors="0">
  <testcase name="BirdsLarge" time="11.012" classname="page.tests.PetStorePicturesMenuTest"/>
  <testcase name="Birds" time="12.971" classname="page.tests.PetStorePicturesMenuTest"/>
  <testcase name="Cats" time="11.010" classname="page.tests.PetStorePicturesMenuTest"/>
  <testcase name="Reptiles" time="11.194" classname="page.tests.PetStorePicturesMenuTest"/>
  <testcase name="Dogs" time="12.360" classname="page.tests.PetStorePicturesMenuTest"/>
  <testcase name="Fish" time="11.033" classname="page.tests.PetStorePicturesMenuTest"/>
</testsuite> <!-- page.tests.PetStorePicturesMenuTest -->
