<?xml version="1.0" encoding="UTF-8"?>
<!-- Generated by org.testng.reporters.JUnitReportReporter -->
<testsuite skipped="0" hostname="DESKTOP-P9MSIUI" name="page.tests.ShoppingCartTest" tests="1" failures="0" timestamp="2019-12-26T15:37:35 CET" time="36.875" errors="0">
  <testcase name="ShoppingCart" time="36.875" classname="page.tests.ShoppingCartTest"/>
</testsuite> <!-- page.tests.ShoppingCartTest -->
