<?xml version="1.0" encoding="UTF-8"?>
<!-- Generated by org.testng.reporters.JUnitReportReporter -->
<testsuite skipped="0" hostname="DESKTOP-P9MSIUI" name="page.tests.EnterTheStoreTest" tests="1" failures="0" timestamp="2019-12-25T14:14:15 CET" time="22.149" errors="0">
  <testcase name="EnterStore" time="22.149" classname="page.tests.EnterTheStoreTest"/>
</testsuite> <!-- page.tests.EnterTheStoreTest -->
