<?xml version="1.0" encoding="UTF-8"?>
<!-- Generated by org.testng.reporters.JUnitReportReporter -->
<testsuite skipped="0" hostname="DESKTOP-P9MSIUI" name="page.tests.PetStoreLeftMenuTest" tests="5" failures="0" timestamp="2019-12-25T15:06:27 CET" time="69.194" errors="0">
  <testcase name="Cats" time="13.146" classname="page.tests.PetStoreLeftMenuTest"/>
  <testcase name="Birds" time="17.246" classname="page.tests.PetStoreLeftMenuTest"/>
  <testcase name="Dogs" time="12.626" classname="page.tests.PetStoreLeftMenuTest"/>
  <testcase name="Fish" time="12.637" classname="page.tests.PetStoreLeftMenuTest"/>
  <testcase name="Reptiles" time="13.539" classname="page.tests.PetStoreLeftMenuTest"/>
</testsuite> <!-- page.tests.PetStoreLeftMenuTest -->
